<assembly
        xmlns="http://maven.apache.org/plugins/maven-assembly-plugin/assembly/1.1.0"
        xmlns:xsi="http://www.w3.org/2001/XMLSchema-instance"
        xsi:schemaLocation="http://maven.apache.org/plugins/maven-assembly-plugin/assembly/1.1.0 http://maven.apache.org/xsd/assembly-1.1.0.xsd">
    <includeBaseDirectory>false</includeBaseDirectory>
    <id>test</id>
    <formats>
        <format>zip</format>
    </formats>
    <fileSets>
        <fileSet>
            <directory>${project.basedir}/src/test/resources/jenkins</directory>
            <outputDirectory>jenkins</outputDirectory>
            <directoryMode>777</directoryMode>
            <fileMode>777</fileMode>
            <!--<includes>-->
                <!--<include>ansible/**</include>-->
            <!--</includes>-->
        </fileSet>
    </fileSets>
    <dependencySets>
        <dependencySet>
            <outputDirectory>/jenkins/plugins</outputDirectory>
            <directoryMode>777</directoryMode>
            <includes>
                <include>com.hp.docker:scm-api:jpi:0.2</include>
                <include>com.hp.docker:dynamic-axis:hpi:1.0.3</include>
            </includes>
            <scope>test</scope>
        </dependencySet>
    </dependencySets>
</assembly>